<?xml version="1.0" encoding="UTF-8"?>
<!-- Generated by org.testng.reporters.JUnitReportReporter -->
<testsuite skipped="0" hostname="SHN1706FY3TQ32" name="com.jl.attribution.testngclassTest" tests="1" failures="0" timestamp="3 Nov 2017 06:15:29 GMT" time="0.027" errors="0">
  <testcase name="testPrintMessage" time="0.027" classname="com.jl.attribution.testngclassTest"/>
</testsuite> <!-- com.jl.attribution.testngclassTest -->
