<?xml version="1.0" encoding="UTF-8"?>
<!-- Generated by org.testng.reporters.JUnitReportReporter -->
<testsuite skipped="0" hostname="SHN1706FY3TQ32" name="NewTest.TestGroup" tests="5" failures="0" timestamp="28 Aug 2018 09:34:16 GMT" time="0.014" errors="0">
  <testcase name="runSelenium" time="0.005" classname="NewTest.TestGroup"/>
  <testcase name="runSelenium1" time="0.001" classname="NewTest.TestGroup"/>
  <testcase name="testConnectMsSQL" time="0.005" classname="NewTest.TestGroup"/>
  <testcase name="runFinal" time="0.001" classname="NewTest.TestGroup"/>
  <testcase name="testConnectOracle" time="0.002" classname="NewTest.TestGroup"/>
</testsuite> <!-- NewTest.TestGroup -->
