<?xml version="1.0" encoding="UTF-8"?>
<!-- Generated by org.testng.reporters.JUnitReportReporter -->
<testsuite hostname="SHN1706FY3TQ32" name="com.jl.mof.TestDBConnection" tests="2" failures="0" timestamp="14 Mar 2018 03:25:06 GMT" time="0.000" errors="0">
  <testcase name="runOtherTest1" time="0.000" classname="com.jl.mof.TestDBConnection"/>
  <testcase name="runOtherTest2" time="0.000" classname="com.jl.mof.TestDBConnection"/>
</testsuite> <!-- com.jl.mof.TestDBConnection -->
