<?xml version="1.0" encoding="UTF-8"?>
<!-- Generated by org.testng.reporters.JUnitReportReporter -->
<testsuite hostname="SHN1706FY3TQ32" name="com.jl.mof.NewTest" tests="1" failures="0" timestamp="14 Mar 2018 02:59:10 GMT" time="0.010" errors="0">
  <testcase name="testEmailGenerator" time="0.010" classname="com.jl.mof.NewTest"/>
</testsuite> <!-- com.jl.mof.NewTest -->
